Using pre-set license
Built from '2021.2/staging' branch; Version is '2021.2.8f1 (d0e5f0a7b06a) revision 13690352'; Using compiler version '192829333'; Build Type 'Release'
OS: 'Windows 10  (10.0.19042) 64bit Professional' Language: 'en' Physical Memory: 16343 MB
BatchMode: 1, IsHumanControllingUs: 0, StartBugReporterOnCrash: 0, Is64bit: 1, IsPro: 0

COMMAND LINE ARGUMENTS:
C:\Program Files\Unity\Hub\Editor\2021.2.8f1\Editor\Unity.exe
-adb2
-batchMode
-noUpm
-name
AssetImportWorker0
-projectPath
E:/Unity Projects/GGJ_PointAndClickShooter
-logFile
Logs/AssetImportWorker0.log
-srvPort
58646
Successfully changed project path to: E:/Unity Projects/GGJ_PointAndClickShooter
E:/Unity Projects/GGJ_PointAndClickShooter
[UnityMemory] Configuration Parameters - Can be set up in boot.config
    "memorysetup-bucket-allocator-granularity=16"
    "memorysetup-bucket-allocator-bucket-count=8"
    "memorysetup-bucket-allocator-block-size=33554432"
    "memorysetup-bucket-allocator-block-count=8"
    "memorysetup-main-allocator-block-size=16777216"
    "memorysetup-thread-allocator-block-size=16777216"
    "memorysetup-gfx-main-allocator-block-size=16777216"
    "memorysetup-gfx-thread-allocator-block-size=16777216"
    "memorysetup-cache-allocator-block-size=4194304"
    "memorysetup-typetree-allocator-block-size=2097152"
    "memorysetup-profiler-bucket-allocator-granularity=16"
    "memorysetup-profiler-bucket-allocator-bucket-count=8"
    "memorysetup-profiler-bucket-allocator-block-size=33554432"
    "memorysetup-profiler-bucket-allocator-block-count=8"
    "memorysetup-profiler-allocator-block-size=16777216"
    "memorysetup-profiler-editor-allocator-block-size=1048576"
    "memorysetup-temp-allocator-size-main=16777216"
    "memorysetup-job-temp-allocator-block-size=2097152"
    "memorysetup-job-temp-allocator-block-size-background=1048576"
    "memorysetup-job-temp-allocator-reduction-small-platforms=262144"
    "memorysetup-temp-allocator-size-background-worker=32768"
    "memorysetup-temp-allocator-size-job-worker=262144"
    "memorysetup-temp-allocator-size-preload-manager=33554432"
    "memorysetup-temp-allocator-size-nav-mesh-worker=65536"
    "memorysetup-temp-allocator-size-audio-worker=65536"
    "memorysetup-temp-allocator-size-cloud-worker=32768"
    "memorysetup-temp-allocator-size-gi-baking-worker=262144"
    "memorysetup-temp-allocator-size-gfx=262144"
Refreshing native plugins compatible for Editor in 145.14 ms, found 3 plugins.
Preloading 0 native plugins for Editor in 0.00 ms.
Initialize engine version: 2021.2.8f1 (d0e5f0a7b06a)
[Subsystems] Discovering subsystems at path C:/Program Files/Unity/Hub/Editor/2021.2.8f1/Editor/Data/Resources/UnitySubsystems
[Subsystems] Discovering subsystems at path E:/Unity Projects/GGJ_PointAndClickShooter/Assets
GfxDevice: creating device client; threaded=0; jobified=0
Direct3D:
    Version:  Direct3D 11.0 [level 11.1]
    Renderer: Radeon (TM) RX 480 Graphics (ID=0x67df)
    Vendor:   ATI
    VRAM:     4075 MB
    Driver:   30.0.14011.3017
Initialize mono
Mono path[0] = 'C:/Program Files/Unity/Hub/Editor/2021.2.8f1/Editor/Data/Managed'
Mono path[1] = 'C:/Program Files/Unity/Hub/Editor/2021.2.8f1/Editor/Data/MonoBleedingEdge/lib/mono/unityjit-win32'
Mono config path = 'C:/Program Files/Unity/Hub/Editor/2021.2.8f1/Editor/Data/MonoBleedingEdge/etc'
Using monoOptions --debugger-agent=transport=dt_socket,embedding=1,server=y,suspend=n,address=127.0.0.1:56952
Begin MonoManager ReloadAssembly
Registering precompiled unity dll's ...
Register platform support module: C:/Program Files/Unity/Hub/Editor/2021.2.8f1/Editor/Data/PlaybackEngines/WebGLSupport/UnityEditor.WebGL.Extensions.dll
Register platform support module: C:/Program Files/Unity/Hub/Editor/2021.2.8f1/Editor/Data/PlaybackEngines/WindowsStandaloneSupport/UnityEditor.WindowsStandalone.Extensions.dll
Registered in 0.013815 seconds.
Native extension for WindowsStandalone target not found
Native extension for WebGL target not found
Refreshing native plugins compatible for Editor in 176.08 ms, found 3 plugins.
Preloading 0 native plugins for Editor in 0.00 ms.
Mono: successfully reloaded assembly
- Completed reload, in  1.271 seconds
Domain Reload Profiling:
	ReloadAssembly (1272ms)
		BeginReloadAssembly (99ms)
			ExecutionOrderSort (0ms)
			DisableScriptedObjects (0ms)
			BackupInstance (0ms)
			ReleaseScriptingObjects (0ms)
			CreateAndSetChildDomain (1ms)
		EndReloadAssembly (1040ms)
			LoadAssemblies (95ms)
			RebuildTransferFunctionScriptingTraits (0ms)
			SetupTypeCache (289ms)
			ReleaseScriptCaches (0ms)
			RebuildScriptCaches (47ms)
			SetupLoadedEditorAssemblies (605ms)
				LogAssemblyErrors (0ms)
				InitializePlatformSupportModulesInManaged (41ms)
				SetLoadedEditorAssemblies (0ms)
				RefreshPlugins (176ms)
				BeforeProcessingInitializeOnLoad (2ms)
				ProcessInitializeOnLoadAttributes (270ms)
				ProcessInitializeOnLoadMethodAttributes (115ms)
				AfterProcessingInitializeOnLoad (0ms)
				EditorAssembliesLoaded (0ms)
			ExecutionOrderSort2 (0ms)
			AwakeInstancesAfterBackupRestoration (0ms)
Platform modules already initialized, skipping
Registering precompiled user dll's ...
Registered in 0.010033 seconds.
Begin MonoManager ReloadAssembly
Symbol file LoadedFromMemory doesn't match image E:\Unity Projects\GGJ_PointAndClickShooter\Library\PackageCache\com.unity.visualscripting@1.7.6\Editor\VisualScripting.Core\Dependencies\YamlDotNet\Unity.VisualScripting.YamlDotNet.dll
Symbol file LoadedFromMemory doesn't match image E:\Unity Projects\GGJ_PointAndClickShooter\Library\PackageCache\com.unity.visualscripting@1.7.6\Editor\VisualScripting.Core\Dependencies\DotNetZip\Unity.VisualScripting.IonicZip.dll
Native extension for WindowsStandalone target not found
Native extension for WebGL target not found
Refreshing native plugins compatible for Editor in 195.60 ms, found 3 plugins.
Preloading 0 native plugins for Editor in 0.00 ms.
Mono: successfully reloaded assembly
- Completed reload, in  3.415 seconds
Domain Reload Profiling:
	ReloadAssembly (3416ms)
		BeginReloadAssembly (187ms)
			ExecutionOrderSort (0ms)
			DisableScriptedObjects (8ms)
			BackupInstance (0ms)
			ReleaseScriptingObjects (0ms)
			CreateAndSetChildDomain (29ms)
		EndReloadAssembly (3033ms)
			LoadAssemblies (162ms)
			RebuildTransferFunctionScriptingTraits (0ms)
			SetupTypeCache (504ms)
			ReleaseScriptCaches (1ms)
			RebuildScriptCaches (163ms)
			SetupLoadedEditorAssemblies (2149ms)
				LogAssemblyErrors (0ms)
				InitializePlatformSupportModulesInManaged (21ms)
				SetLoadedEditorAssemblies (0ms)
				RefreshPlugins (196ms)
				BeforeProcessingInitializeOnLoad (170ms)
				ProcessInitializeOnLoadAttributes (1681ms)
				ProcessInitializeOnLoadMethodAttributes (69ms)
				AfterProcessingInitializeOnLoad (12ms)
				EditorAssembliesLoaded (0ms)
			ExecutionOrderSort2 (0ms)
			AwakeInstancesAfterBackupRestoration (8ms)
Platform modules already initialized, skipping
========================================================================
Worker process is ready to serve import requests
Launched and connected shader compiler UnityShaderCompiler.exe after 0.12 seconds
Refreshing native plugins compatible for Editor in 0.99 ms, found 3 plugins.
Preloading 0 native plugins for Editor in 0.00 ms.
Unloading 5832 Unused Serialized files (Serialized files now loaded: 0)
Unloading 199 unused Assets / (0.5 MB). Loaded Objects now: 6257.
Memory consumption went from 231.7 MB to 231.1 MB.
Total: 7.737400 ms (FindLiveObjects: 0.524000 ms CreateObjectMapping: 0.853100 ms MarkObjects: 5.778600 ms  DeleteObjects: 0.580200 ms)

AssetImportParameters requested are different than current active one (requested -> active):
  custom:video-decoder-ogg-theora: a1e56fd34408186e4bbccfd4996cb3dc -> 
  custom:container-muxer-webm: aa71ff27fc2769a1b78a27578f13a17b -> 
  custom:container-demuxer-webm: 4f35f7cbe854078d1ac9338744f61a02 -> 
  custom:video-encoder-webm-vp8: eb34c28f22e8b96e1ab97ce403110664 -> 
  custom:audio-encoder-webm-vorbis: bf7c407c2cedff20999df2af8eb42d56 -> 
  custom:framework-win-MediaFoundation: 216162199b28c13a410421893ffa2e32 -> 
  custom:container-demuxer-ogg: 62fdf1f143b41e24485cea50d1cbac27 -> 
  custom:video-decoder-webm-vp8: 9c59270c3fd7afecdb556c50c9e8de78 -> 
  custom:audio-decoder-ogg-vorbis: bf7c407c2cedff20999df2af8eb42d56 -> 
========================================================================
Received Import Request.
  Time since last request: 321226.314951 seconds.
  path: Assets/Scenes/Level - EnemyPlacement.unity
  artifactKey: Guid(07922e7a25ffa0947ac70f6c7d997cea) Importer(815301076,1909f56bfc062723c751e8b465ee728b)
Start importing Assets/Scenes/Level - EnemyPlacement.unity using Guid(07922e7a25ffa0947ac70f6c7d997cea) Importer(815301076,1909f56bfc062723c751e8b465ee728b)  -> (artifact id: '7c12d9b6df9fa9468311369269a5a94f') in 0.015760 seconds 
========================================================================
Received Import Request.
  Time since last request: 7.651611 seconds.
  path: Assets/Scriptable Objects/Wave 5/Wave 5 - Test.asset
  artifactKey: Guid(3fa8decfb53fd0840b80eff3dc763043) Importer(815301076,1909f56bfc062723c751e8b465ee728b)
Start importing Assets/Scriptable Objects/Wave 5/Wave 5 - Test.asset using Guid(3fa8decfb53fd0840b80eff3dc763043) Importer(815301076,1909f56bfc062723c751e8b465ee728b)  -> (artifact id: '6823a314388e4c488142794b60d3f81b') in 0.071696 seconds 
========================================================================
Received Import Request.
  Time since last request: 4.610910 seconds.
  path: Assets/Scriptable Objects/Wave 5/Wave 5.asset
  artifactKey: Guid(3fa8decfb53fd0840b80eff3dc763043) Importer(815301076,1909f56bfc062723c751e8b465ee728b)
Start importing Assets/Scriptable Objects/Wave 5/Wave 5.asset using Guid(3fa8decfb53fd0840b80eff3dc763043) Importer(815301076,1909f56bfc062723c751e8b465ee728b)  -> (artifact id: 'ff45613097288d4deef81ec00288de1f') in 0.012785 seconds 
========================================================================
Received Import Request.
  Time since last request: 1.179380 seconds.
  path: Assets/Scriptable Objects/Wave 5/Unit 1.asset
  artifactKey: Guid(fae29f5f9e939894f8ca6faaeedc8555) Importer(815301076,1909f56bfc062723c751e8b465ee728b)
Start importing Assets/Scriptable Objects/Wave 5/Unit 1.asset using Guid(fae29f5f9e939894f8ca6faaeedc8555) Importer(815301076,1909f56bfc062723c751e8b465ee728b)  -> (artifact id: 'ff47ce64a733119ead10d04c8ebeb5d3') in 0.013293 seconds 
========================================================================
Received Import Request.
  Time since last request: 45.149910 seconds.
  path: Assets/Scriptable Objects/Wave 5/Unit.asset
  artifactKey: Guid(16dbd376209afe142ad405e94c01e229) Importer(815301076,1909f56bfc062723c751e8b465ee728b)
Start importing Assets/Scriptable Objects/Wave 5/Unit.asset using Guid(16dbd376209afe142ad405e94c01e229) Importer(815301076,1909f56bfc062723c751e8b465ee728b)  -> (artifact id: '46c27195a42f9d36a5d199381293cbe9') in 0.018897 seconds 
========================================================================
Received Import Request.
  Time since last request: 2.552339 seconds.
  path: Assets/Scriptable Objects/Wave 5/Unit 3.asset
  artifactKey: Guid(16dbd376209afe142ad405e94c01e229) Importer(815301076,1909f56bfc062723c751e8b465ee728b)
Start importing Assets/Scriptable Objects/Wave 5/Unit 3.asset using Guid(16dbd376209afe142ad405e94c01e229) Importer(815301076,1909f56bfc062723c751e8b465ee728b)  -> (artifact id: 'ca23207e4e469e972f0616078ba72f49') in 0.011903 seconds 
========================================================================
Received Import Request.
  Time since last request: 5.569653 seconds.
  path: Assets/Scriptable Objects/Wave 5/Unit.asset
  artifactKey: Guid(8cd96b209d1fb024182c23a786e5f31c) Importer(815301076,1909f56bfc062723c751e8b465ee728b)
Start importing Assets/Scriptable Objects/Wave 5/Unit.asset using Guid(8cd96b209d1fb024182c23a786e5f31c) Importer(815301076,1909f56bfc062723c751e8b465ee728b)  -> (artifact id: '1f11c1a0b64f253734d03b31e4627272') in 0.007953 seconds 
========================================================================
Received Import Request.
  Time since last request: 1.208422 seconds.
  path: Assets/Scriptable Objects/Wave 5/Unit 4.asset
  artifactKey: Guid(8cd96b209d1fb024182c23a786e5f31c) Importer(815301076,1909f56bfc062723c751e8b465ee728b)
Start importing Assets/Scriptable Objects/Wave 5/Unit 4.asset using Guid(8cd96b209d1fb024182c23a786e5f31c) Importer(815301076,1909f56bfc062723c751e8b465ee728b)  -> (artifact id: 'bdae2eef82047ed72930f5bf82c95894') in 0.007767 seconds 
========================================================================
Received Import Request.
  Time since last request: 10.787382 seconds.
  path: Assets/Scriptable Objects/Wave 5/Wave 5.asset
  artifactKey: Guid(3fa8decfb53fd0840b80eff3dc763043) Importer(815301076,1909f56bfc062723c751e8b465ee728b)
Start importing Assets/Scriptable Objects/Wave 5/Wave 5.asset using Guid(3fa8decfb53fd0840b80eff3dc763043) Importer(815301076,1909f56bfc062723c751e8b465ee728b)  -> (artifact id: 'cb4d02a8953847b69154a43292a472ff') in 0.015409 seconds 
========================================================================
Received Import Request.
  Time since last request: 11.608323 seconds.
  path: Assets/Scriptable Objects/Wave 5/Unit 2.asset
  artifactKey: Guid(caac14821f5f21141b2c0528d14f34f8) Importer(815301076,1909f56bfc062723c751e8b465ee728b)
Start importing Assets/Scriptable Objects/Wave 5/Unit 2.asset using Guid(caac14821f5f21141b2c0528d14f34f8) Importer(815301076,1909f56bfc062723c751e8b465ee728b)  -> (artifact id: '47ee0aeef0d7e5d8f5c771a58fa3e89c') in 0.011894 seconds 
========================================================================
Received Import Request.
  Time since last request: 1.852124 seconds.
  path: Assets/Scriptable Objects/Wave 5/Unit 1.asset
  artifactKey: Guid(fae29f5f9e939894f8ca6faaeedc8555) Importer(815301076,1909f56bfc062723c751e8b465ee728b)
Start importing Assets/Scriptable Objects/Wave 5/Unit 1.asset using Guid(fae29f5f9e939894f8ca6faaeedc8555) Importer(815301076,1909f56bfc062723c751e8b465ee728b)  -> (artifact id: '44a4d2d94565d10053faf1bb462a2b5c') in 0.012475 seconds 
========================================================================
Received Import Request.
  Time since last request: 25.744735 seconds.
  path: Assets/Scenes/Level.unity
  artifactKey: Guid(88760cc195eb2be4585925adf2386f1b) Importer(815301076,1909f56bfc062723c751e8b465ee728b)
Start importing Assets/Scenes/Level.unity using Guid(88760cc195eb2be4585925adf2386f1b) Importer(815301076,1909f56bfc062723c751e8b465ee728b)  -> (artifact id: '71b397be7d5555438199412f6d3277db') in 0.010465 seconds 
========================================================================
Received Import Request.
  Time since last request: 188.679309 seconds.
  path: Assets/Scriptable Objects/Wave 4/Unit 4.asset
  artifactKey: Guid(7634a6f8353fbc1478a61f1364e3280e) Importer(815301076,1909f56bfc062723c751e8b465ee728b)
Start importing Assets/Scriptable Objects/Wave 4/Unit 4.asset using Guid(7634a6f8353fbc1478a61f1364e3280e) Importer(815301076,1909f56bfc062723c751e8b465ee728b)  -> (artifact id: '3573a060d21c65f6aaddb2ed0d18f1e0') in 0.010847 seconds 
========================================================================
Received Import Request.
  Time since last request: 39.639817 seconds.
  path: ProjectSettings/TagManager.asset
  artifactKey: Guid(00000000000000003000000000000000) Importer(815301076,1909f56bfc062723c751e8b465ee728b)
Start importing ProjectSettings/TagManager.asset using Guid(00000000000000003000000000000000) Importer(815301076,1909f56bfc062723c751e8b465ee728b)  -> (artifact id: '22c6f5862af8cd52a4249db25a483a91') in 0.014162 seconds 
========================================================================
Received Import Request.
  Time since last request: 122.456390 seconds.
  path: Assets/Scenes/Level.unity
  artifactKey: Guid(88760cc195eb2be4585925adf2386f1b) Importer(815301076,1909f56bfc062723c751e8b465ee728b)
Start importing Assets/Scenes/Level.unity using Guid(88760cc195eb2be4585925adf2386f1b) Importer(815301076,1909f56bfc062723c751e8b465ee728b)  -> (artifact id: '7ffe16f6189a025e7e873c92932d4496') in 0.010082 seconds 
========================================================================
Received Import Request.
  Time since last request: 0.890403 seconds.
  path: Assets/Scenes/Level - EnemyPlacement.unity
  artifactKey: Guid(07922e7a25ffa0947ac70f6c7d997cea) Importer(815301076,1909f56bfc062723c751e8b465ee728b)
Start importing Assets/Scenes/Level - EnemyPlacement.unity using Guid(07922e7a25ffa0947ac70f6c7d997cea) Importer(815301076,1909f56bfc062723c751e8b465ee728b)  -> (artifact id: '9036576d9a1389e7cc54ec0ebe21c472') in 0.004803 seconds 
========================================================================
Received Prepare
Registering precompiled user dll's ...
Registered in 0.006945 seconds.
Begin MonoManager ReloadAssembly
Symbol file LoadedFromMemory doesn't match image E:\Unity Projects\GGJ_PointAndClickShooter\Library\PackageCache\com.unity.visualscripting@1.7.6\Editor\VisualScripting.Core\Dependencies\YamlDotNet\Unity.VisualScripting.YamlDotNet.dll
Symbol file LoadedFromMemory doesn't match image E:\Unity Projects\GGJ_PointAndClickShooter\Library\PackageCache\com.unity.visualscripting@1.7.6\Editor\VisualScripting.Core\Dependencies\DotNetZip\Unity.VisualScripting.IonicZip.dll
Native extension for WindowsStandalone target not found
Native extension for WebGL target not found
Refreshing native plugins compatible for Editor in 0.90 ms, found 3 plugins.
Preloading 0 native plugins for Editor in 0.00 ms.
Warning: Annotation not found!
UnityEngine.StackTraceUtility:ExtractStackTrace ()
UnityEditor.ProBuilder.EditorUtility:SetGizmoIconEnabled (System.Type,bool) (at Library/PackageCache/com.unity.probuilder@5.0.3/Editor/EditorCore/EditorUtility.cs:575)
UnityEditor.ProBuilder.HierarchyListener:.cctor () (at Library/PackageCache/com.unity.probuilder@5.0.3/Editor/EditorCore/HierarchyListener.cs:21)
System.Runtime.CompilerServices.RuntimeHelpers:RunClassConstructor (System.RuntimeTypeHandle)
UnityEditor.EditorAssemblies:ProcessInitializeOnLoadAttributes (System.Type[])

[Library/PackageCache/com.unity.probuilder@5.0.3/Editor/EditorCore/EditorUtility.cs line 575]

Mono: successfully reloaded assembly
- Completed reload, in  1.997 seconds
Domain Reload Profiling:
	ReloadAssembly (1998ms)
		BeginReloadAssembly (251ms)
			ExecutionOrderSort (0ms)
			DisableScriptedObjects (6ms)
			BackupInstance (0ms)
			ReleaseScriptingObjects (0ms)
			CreateAndSetChildDomain (68ms)
		EndReloadAssembly (1573ms)
			LoadAssemblies (169ms)
			RebuildTransferFunctionScriptingTraits (0ms)
			SetupTypeCache (461ms)
			ReleaseScriptCaches (2ms)
			RebuildScriptCaches (64ms)
			SetupLoadedEditorAssemblies (836ms)
				LogAssemblyErrors (0ms)
				InitializePlatformSupportModulesInManaged (19ms)
				SetLoadedEditorAssemblies (1ms)
				RefreshPlugins (1ms)
				BeforeProcessingInitializeOnLoad (112ms)
				ProcessInitializeOnLoadAttributes (600ms)
				ProcessInitializeOnLoadMethodAttributes (91ms)
				AfterProcessingInitializeOnLoad (13ms)
				EditorAssembliesLoaded (0ms)
			ExecutionOrderSort2 (0ms)
			AwakeInstancesAfterBackupRestoration (20ms)
Platform modules already initialized, skipping
Refreshing native plugins compatible for Editor in 0.94 ms, found 3 plugins.
Preloading 0 native plugins for Editor in 0.00 ms.
Unloading 5648 Unused Serialized files (Serialized files now loaded: 0)
Unloading 49 unused Assets / (0.5 MB). Loaded Objects now: 6275.
Memory consumption went from 221.5 MB to 221.0 MB.
Total: 5.055100 ms (FindLiveObjects: 0.404600 ms CreateObjectMapping: 0.381000 ms MarkObjects: 3.989900 ms  DeleteObjects: 0.277900 ms)

AssetImportParameters requested are different than current active one (requested -> active):
  custom:video-decoder-ogg-theora: a1e56fd34408186e4bbccfd4996cb3dc -> 
  custom:container-muxer-webm: aa71ff27fc2769a1b78a27578f13a17b -> 
  custom:container-demuxer-webm: 4f35f7cbe854078d1ac9338744f61a02 -> 
  custom:video-encoder-webm-vp8: eb34c28f22e8b96e1ab97ce403110664 -> 
  custom:audio-encoder-webm-vorbis: bf7c407c2cedff20999df2af8eb42d56 -> 
  custom:framework-win-MediaFoundation: 216162199b28c13a410421893ffa2e32 -> 
  custom:container-demuxer-ogg: 62fdf1f143b41e24485cea50d1cbac27 -> 
  custom:video-decoder-webm-vp8: 9c59270c3fd7afecdb556c50c9e8de78 -> 
  custom:audio-decoder-ogg-vorbis: bf7c407c2cedff20999df2af8eb42d56 -> 
========================================================================
Received Import Request.
  Time since last request: 107.313414 seconds.
  path: Assets/Scriptable Objects/Wave 6
  artifactKey: Guid(05136cb5f72979844b3d2f6afb2af67f) Importer(815301076,1909f56bfc062723c751e8b465ee728b)
Start importing Assets/Scriptable Objects/Wave 6 using Guid(05136cb5f72979844b3d2f6afb2af67f) Importer(815301076,1909f56bfc062723c751e8b465ee728b)  -> (artifact id: '5093e83f012aa0412a31dc7b92953c02') in 0.016977 seconds 
========================================================================
Received Import Request.
  Time since last request: 128.773203 seconds.
  path: Assets/Scriptable Objects/Wave 6/Wave 6.asset
  artifactKey: Guid(f160806ded0fd1844913da5a99a2f79d) Importer(815301076,1909f56bfc062723c751e8b465ee728b)
Start importing Assets/Scriptable Objects/Wave 6/Wave 6.asset using Guid(f160806ded0fd1844913da5a99a2f79d) Importer(815301076,1909f56bfc062723c751e8b465ee728b)  -> (artifact id: 'b8d35242a891f12a20817a24ea1f4077') in 0.015001 seconds 
========================================================================
Received Import Request.
  Time since last request: 9.335296 seconds.
  path: Assets/Scriptable Objects/Wave 6/Unit.asset
  artifactKey: Guid(a6b72c49690ddd0468cff60971bf9ae9) Importer(815301076,1909f56bfc062723c751e8b465ee728b)
Start importing Assets/Scriptable Objects/Wave 6/Unit.asset using Guid(a6b72c49690ddd0468cff60971bf9ae9) Importer(815301076,1909f56bfc062723c751e8b465ee728b)  -> (artifact id: '157b2b0056479c6691f98cd6f9e3f53f') in 0.023421 seconds 
========================================================================
Received Import Request.
  Time since last request: 1.334109 seconds.
  path: Assets/Scriptable Objects/Wave 6/Unit 1.asset
  artifactKey: Guid(a6b72c49690ddd0468cff60971bf9ae9) Importer(815301076,1909f56bfc062723c751e8b465ee728b)
Start importing Assets/Scriptable Objects/Wave 6/Unit 1.asset using Guid(a6b72c49690ddd0468cff60971bf9ae9) Importer(815301076,1909f56bfc062723c751e8b465ee728b)  -> (artifact id: '359dbc3cf536a58594cc82084974c608') in 0.010154 seconds 
========================================================================
Received Import Request.
  Time since last request: 4.383844 seconds.
  path: Assets/Scriptable Objects/Wave 6/Unit.asset
  artifactKey: Guid(9885e8490a0740140b648c6c837bfb8c) Importer(815301076,1909f56bfc062723c751e8b465ee728b)
Start importing Assets/Scriptable Objects/Wave 6/Unit.asset using Guid(9885e8490a0740140b648c6c837bfb8c) Importer(815301076,1909f56bfc062723c751e8b465ee728b)  -> (artifact id: 'e275998bf7119159ff3ef0caea765da1') in 0.009803 seconds 
========================================================================
Received Import Request.
  Time since last request: 1.235602 seconds.
  path: Assets/Scriptable Objects/Wave 6/Unit 2.asset
  artifactKey: Guid(9885e8490a0740140b648c6c837bfb8c) Importer(815301076,1909f56bfc062723c751e8b465ee728b)
Start importing Assets/Scriptable Objects/Wave 6/Unit 2.asset using Guid(9885e8490a0740140b648c6c837bfb8c) Importer(815301076,1909f56bfc062723c751e8b465ee728b)  -> (artifact id: '8a65a4e16fafc44b60152c55f54660ea') in 0.006725 seconds 
========================================================================
Received Import Request.
  Time since last request: 5.032827 seconds.
  path: Assets/Scriptable Objects/Wave 6/Unit.asset
  artifactKey: Guid(d17a4293d63560244ac93be9e7d50a4d) Importer(815301076,1909f56bfc062723c751e8b465ee728b)
Start importing Assets/Scriptable Objects/Wave 6/Unit.asset using Guid(d17a4293d63560244ac93be9e7d50a4d) Importer(815301076,1909f56bfc062723c751e8b465ee728b)  -> (artifact id: '9e15e30e6f119c33b575bfb2d524ce8e') in 0.015985 seconds 
========================================================================
Received Import Request.
  Time since last request: 3.294771 seconds.
  path: Assets/Scriptable Objects/Wave 6/Unit 3.asset
  artifactKey: Guid(d17a4293d63560244ac93be9e7d50a4d) Importer(815301076,1909f56bfc062723c751e8b465ee728b)
Start importing Assets/Scriptable Objects/Wave 6/Unit 3.asset using Guid(d17a4293d63560244ac93be9e7d50a4d) Importer(815301076,1909f56bfc062723c751e8b465ee728b)  -> (artifact id: 'c15486ef3e037f8848b8e518328eabd2') in 0.011959 seconds 
========================================================================
Received Import Request.
  Time since last request: 5.278032 seconds.
  path: Assets/Scriptable Objects/Wave 6/Unit.asset
  artifactKey: Guid(a92172d85c130004b8ed7d136d94accd) Importer(815301076,1909f56bfc062723c751e8b465ee728b)
Start importing Assets/Scriptable Objects/Wave 6/Unit.asset using Guid(a92172d85c130004b8ed7d136d94accd) Importer(815301076,1909f56bfc062723c751e8b465ee728b)  -> (artifact id: 'b43c7959dfd83d83cd00ccd1f83fce31') in 0.014585 seconds 
========================================================================
Received Import Request.
  Time since last request: 1.342764 seconds.
  path: Assets/Scriptable Objects/Wave 6/Unit 4.asset
  artifactKey: Guid(a92172d85c130004b8ed7d136d94accd) Importer(815301076,1909f56bfc062723c751e8b465ee728b)
Start importing Assets/Scriptable Objects/Wave 6/Unit 4.asset using Guid(a92172d85c130004b8ed7d136d94accd) Importer(815301076,1909f56bfc062723c751e8b465ee728b)  -> (artifact id: 'f425d6e119234d94507caab2bf2ebcb7') in 0.008688 seconds 
========================================================================
Received Import Request.
  Time since last request: 5.023554 seconds.
  path: Assets/Scriptable Objects/Wave 6/Unit.asset
  artifactKey: Guid(92f1caa3e2716c446b45a67094f03856) Importer(815301076,1909f56bfc062723c751e8b465ee728b)
Start importing Assets/Scriptable Objects/Wave 6/Unit.asset using Guid(92f1caa3e2716c446b45a67094f03856) Importer(815301076,1909f56bfc062723c751e8b465ee728b)  -> (artifact id: '4d296a12c7e9fdfc418cbd649592cf1d') in 0.010095 seconds 
========================================================================
Received Import Request.
  Time since last request: 1.307831 seconds.
  path: Assets/Scriptable Objects/Wave 6/Unit 5.asset
  artifactKey: Guid(92f1caa3e2716c446b45a67094f03856) Importer(815301076,1909f56bfc062723c751e8b465ee728b)
Start importing Assets/Scriptable Objects/Wave 6/Unit 5.asset using Guid(92f1caa3e2716c446b45a67094f03856) Importer(815301076,1909f56bfc062723c751e8b465ee728b)  -> (artifact id: 'cc819a60104dbcfc868e2efd97004d6e') in 0.010835 seconds 
========================================================================
Received Import Request.
  Time since last request: 4.657821 seconds.
  path: Assets/Scriptable Objects/Wave 6/Unit.asset
  artifactKey: Guid(419ef488442d65f418c51a64a4a1f5f0) Importer(815301076,1909f56bfc062723c751e8b465ee728b)
Start importing Assets/Scriptable Objects/Wave 6/Unit.asset using Guid(419ef488442d65f418c51a64a4a1f5f0) Importer(815301076,1909f56bfc062723c751e8b465ee728b)  -> (artifact id: 'fb7492edf757d0a20fdf9ed064afcd1e') in 0.013147 seconds 
========================================================================
Received Import Request.
  Time since last request: 1.844795 seconds.
  path: Assets/Scriptable Objects/Wave 6/Unit 6.asset
  artifactKey: Guid(419ef488442d65f418c51a64a4a1f5f0) Importer(815301076,1909f56bfc062723c751e8b465ee728b)
Start importing Assets/Scriptable Objects/Wave 6/Unit 6.asset using Guid(419ef488442d65f418c51a64a4a1f5f0) Importer(815301076,1909f56bfc062723c751e8b465ee728b)  -> (artifact id: '06df110fb5128ad65ddf4a5d945262d2') in 0.013893 seconds 
========================================================================
Received Import Request.
  Time since last request: 9.155246 seconds.
  path: Assets/Scriptable Objects/Wave 6/Unit.asset
  artifactKey: Guid(d77248e994d97ca44bdecc8d2236f573) Importer(815301076,1909f56bfc062723c751e8b465ee728b)
Start importing Assets/Scriptable Objects/Wave 6/Unit.asset using Guid(d77248e994d97ca44bdecc8d2236f573) Importer(815301076,1909f56bfc062723c751e8b465ee728b)  -> (artifact id: 'a42e51e8477648c2c2cfde7b001f91f5') in 0.015333 seconds 
========================================================================
Received Import Request.
  Time since last request: 2.264173 seconds.
  path: Assets/Scriptable Objects/Wave 6/Unit 7.asset
  artifactKey: Guid(d77248e994d97ca44bdecc8d2236f573) Importer(815301076,1909f56bfc062723c751e8b465ee728b)
Start importing Assets/Scriptable Objects/Wave 6/Unit 7.asset using Guid(d77248e994d97ca44bdecc8d2236f573) Importer(815301076,1909f56bfc062723c751e8b465ee728b)  -> (artifact id: '62261383c131787f1755c95eefcff12d') in 0.019870 seconds 
========================================================================
Received Import Request.
  Time since last request: 70.475639 seconds.
  path: Assets/Scriptable Objects/Wave 6/Unit.asset
  artifactKey: Guid(49e8b2ab37d75d2488e676a3b2114c47) Importer(815301076,1909f56bfc062723c751e8b465ee728b)
Start importing Assets/Scriptable Objects/Wave 6/Unit.asset using Guid(49e8b2ab37d75d2488e676a3b2114c47) Importer(815301076,1909f56bfc062723c751e8b465ee728b)  -> (artifact id: '0fc52b351291e15d3c25dbc9d40702ad') in 0.012208 seconds 
========================================================================
Received Import Request.
  Time since last request: 2.629539 seconds.
  path: Assets/Scriptable Objects/Wave 6/Unit Ally.asset
  artifactKey: Guid(49e8b2ab37d75d2488e676a3b2114c47) Importer(815301076,1909f56bfc062723c751e8b465ee728b)
Start importing Assets/Scriptable Objects/Wave 6/Unit Ally.asset using Guid(49e8b2ab37d75d2488e676a3b2114c47) Importer(815301076,1909f56bfc062723c751e8b465ee728b)  -> (artifact id: '9348602bc0f94a68cd41110bcf11e787') in 0.010150 seconds 
========================================================================
Received Import Request.
  Time since last request: 9.736833 seconds.
  path: Assets/Scriptable Objects/Wave 6/Unit.asset
  artifactKey: Guid(e3b8cef4cc542f3488b7a1a26842d886) Importer(815301076,1909f56bfc062723c751e8b465ee728b)
Start importing Assets/Scriptable Objects/Wave 6/Unit.asset using Guid(e3b8cef4cc542f3488b7a1a26842d886) Importer(815301076,1909f56bfc062723c751e8b465ee728b)  -> (artifact id: '4c1481d2f3fce10fade06051a266dd25') in 0.007260 seconds 
========================================================================
Received Import Request.
  Time since last request: 1.539555 seconds.
  path: Assets/Scriptable Objects/Wave 6/Unit 8.asset
  artifactKey: Guid(e3b8cef4cc542f3488b7a1a26842d886) Importer(815301076,1909f56bfc062723c751e8b465ee728b)
Start importing Assets/Scriptable Objects/Wave 6/Unit 8.asset using Guid(e3b8cef4cc542f3488b7a1a26842d886) Importer(815301076,1909f56bfc062723c751e8b465ee728b)  -> (artifact id: '53dbf78e39f9add70ffdefb7ba18f735') in 0.020703 seconds 
========================================================================
Received Import Request.
  Time since last request: 8.559110 seconds.
  path: Assets/Scriptable Objects/Wave 6/Unit.asset
  artifactKey: Guid(63d88680944887249b638d2bb0a70781) Importer(815301076,1909f56bfc062723c751e8b465ee728b)
Start importing Assets/Scriptable Objects/Wave 6/Unit.asset using Guid(63d88680944887249b638d2bb0a70781) Importer(815301076,1909f56bfc062723c751e8b465ee728b)  -> (artifact id: '64f5e6869b3390de08c98b43e3f491a8') in 0.009994 seconds 
========================================================================
Received Import Request.
  Time since last request: 1.556111 seconds.
  path: Assets/Scriptable Objects/Wave 6/Unit 9.asset
  artifactKey: Guid(63d88680944887249b638d2bb0a70781) Importer(815301076,1909f56bfc062723c751e8b465ee728b)
Start importing Assets/Scriptable Objects/Wave 6/Unit 9.asset using Guid(63d88680944887249b638d2bb0a70781) Importer(815301076,1909f56bfc062723c751e8b465ee728b)  -> (artifact id: '15700e02b96dda5e636634e961bd6c7f') in 0.010754 seconds 
========================================================================
Received Import Request.
  Time since last request: 121.306449 seconds.
  path: Assets/Scriptable Objects/Wave 6/Wave 6.asset
  artifactKey: Guid(f160806ded0fd1844913da5a99a2f79d) Importer(815301076,1909f56bfc062723c751e8b465ee728b)
Start importing Assets/Scriptable Objects/Wave 6/Wave 6.asset using Guid(f160806ded0fd1844913da5a99a2f79d) Importer(815301076,1909f56bfc062723c751e8b465ee728b)  -> (artifact id: 'a36d41000dc865b7bca821a439b2edab') in 0.023022 seconds 
========================================================================
Received Import Request.
  Time since last request: 107.491263 seconds.
  path: Assets/Scriptable Objects/Wave 6/Unit 5.asset
  artifactKey: Guid(92f1caa3e2716c446b45a67094f03856) Importer(815301076,1909f56bfc062723c751e8b465ee728b)
Start importing Assets/Scriptable Objects/Wave 6/Unit 5.asset using Guid(92f1caa3e2716c446b45a67094f03856) Importer(815301076,1909f56bfc062723c751e8b465ee728b)  -> (artifact id: 'cb34cf7a3ef9a1e3289303263183353a') in 0.011588 seconds 
========================================================================
Received Import Request.
  Time since last request: 3.589534 seconds.
  path: Assets/Scriptable Objects/Wave 5
  artifactKey: Guid(bbd37335f846d0c469e0113736ed3ac9) Importer(815301076,1909f56bfc062723c751e8b465ee728b)
Start importing Assets/Scriptable Objects/Wave 5 using Guid(bbd37335f846d0c469e0113736ed3ac9) Importer(815301076,1909f56bfc062723c751e8b465ee728b)  -> (artifact id: 'bb371f7f1b736df5fd929f4154729868') in 0.006383 seconds 
========================================================================
Received Import Request.
  Time since last request: 2.108743 seconds.
  path: Assets/Scriptable Objects/Wave 5/Unit 1.asset
  artifactKey: Guid(fae29f5f9e939894f8ca6faaeedc8555) Importer(815301076,1909f56bfc062723c751e8b465ee728b)
Start importing Assets/Scriptable Objects/Wave 5/Unit 1.asset using Guid(fae29f5f9e939894f8ca6faaeedc8555) Importer(815301076,1909f56bfc062723c751e8b465ee728b)  -> (artifact id: 'c3c20e904b9756340036df01acad7e2f') in 0.007902 seconds 
========================================================================
Received Import Request.
  Time since last request: 5.698528 seconds.
  path: Assets/Scriptable Objects/Wave 5/Unit 2.asset
  artifactKey: Guid(caac14821f5f21141b2c0528d14f34f8) Importer(815301076,1909f56bfc062723c751e8b465ee728b)
Start importing Assets/Scriptable Objects/Wave 5/Unit 2.asset using Guid(caac14821f5f21141b2c0528d14f34f8) Importer(815301076,1909f56bfc062723c751e8b465ee728b)  -> (artifact id: '16f69e483d054e8979cf21ac90845d46') in 0.009538 seconds 
========================================================================
Received Import Request.
  Time since last request: 4.260967 seconds.
  path: Assets/Scriptable Objects/Wave 5/Unit 3.asset
  artifactKey: Guid(16dbd376209afe142ad405e94c01e229) Importer(815301076,1909f56bfc062723c751e8b465ee728b)
Start importing Assets/Scriptable Objects/Wave 5/Unit 3.asset using Guid(16dbd376209afe142ad405e94c01e229) Importer(815301076,1909f56bfc062723c751e8b465ee728b)  -> (artifact id: 'b51aedeeac868d7e34652baeaa88c15c') in 0.009757 seconds 
========================================================================
Received Import Request.
  Time since last request: 142.123918 seconds.
  path: Assets/Scriptable Objects/Wave 6/Unit Ally.asset
  artifactKey: Guid(49e8b2ab37d75d2488e676a3b2114c47) Importer(815301076,1909f56bfc062723c751e8b465ee728b)
Start importing Assets/Scriptable Objects/Wave 6/Unit Ally.asset using Guid(49e8b2ab37d75d2488e676a3b2114c47) Importer(815301076,1909f56bfc062723c751e8b465ee728b)  -> (artifact id: '49ee644c9168a12c2766e801a1c9e277') in 0.007783 seconds 
========================================================================
Received Prepare
Refreshing native plugins compatible for Editor in 5.56 ms, found 3 plugins.
Preloading 0 native plugins for Editor in 0.00 ms.
Unloading 30 Unused Serialized files (Serialized files now loaded: 0)
Unloading 30 unused Assets / (504.0 KB). Loaded Objects now: 6275.
Memory consumption went from 105.2 MB to 104.8 MB.
Total: 5.941700 ms (FindLiveObjects: 0.497700 ms CreateObjectMapping: 0.453400 ms MarkObjects: 4.593000 ms  DeleteObjects: 0.396000 ms)

AssetImportParameters requested are different than current active one (requested -> active):
  custom:video-decoder-ogg-theora: a1e56fd34408186e4bbccfd4996cb3dc -> 
  custom:container-muxer-webm: aa71ff27fc2769a1b78a27578f13a17b -> 
  custom:container-demuxer-webm: 4f35f7cbe854078d1ac9338744f61a02 -> 
  custom:video-encoder-webm-vp8: eb34c28f22e8b96e1ab97ce403110664 -> 
  custom:audio-encoder-webm-vorbis: bf7c407c2cedff20999df2af8eb42d56 -> 
  custom:framework-win-MediaFoundation: 216162199b28c13a410421893ffa2e32 -> 
  custom:container-demuxer-ogg: 62fdf1f143b41e24485cea50d1cbac27 -> 
  custom:video-decoder-webm-vp8: 9c59270c3fd7afecdb556c50c9e8de78 -> 
  custom:audio-decoder-ogg-vorbis: bf7c407c2cedff20999df2af8eb42d56 -> 
========================================================================
Received Prepare
Refreshing native plugins compatible for Editor in 4.52 ms, found 3 plugins.
Preloading 0 native plugins for Editor in 0.00 ms.
Unloading 30 Unused Serialized files (Serialized files now loaded: 0)
Unloading 30 unused Assets / (0.5 MB). Loaded Objects now: 6275.
Memory consumption went from 105.3 MB to 104.8 MB.
Total: 4.401300 ms (FindLiveObjects: 0.401000 ms CreateObjectMapping: 0.385400 ms MarkObjects: 3.275900 ms  DeleteObjects: 0.338000 ms)

AssetImportParameters requested are different than current active one (requested -> active):
  custom:video-decoder-ogg-theora: a1e56fd34408186e4bbccfd4996cb3dc -> 
  custom:container-muxer-webm: aa71ff27fc2769a1b78a27578f13a17b -> 
  custom:container-demuxer-webm: 4f35f7cbe854078d1ac9338744f61a02 -> 
  custom:video-encoder-webm-vp8: eb34c28f22e8b96e1ab97ce403110664 -> 
  custom:audio-encoder-webm-vorbis: bf7c407c2cedff20999df2af8eb42d56 -> 
  custom:framework-win-MediaFoundation: 216162199b28c13a410421893ffa2e32 -> 
  custom:container-demuxer-ogg: 62fdf1f143b41e24485cea50d1cbac27 -> 
  custom:video-decoder-webm-vp8: 9c59270c3fd7afecdb556c50c9e8de78 -> 
  custom:audio-decoder-ogg-vorbis: bf7c407c2cedff20999df2af8eb42d56 -> 
========================================================================
Received Prepare
Refreshing native plugins compatible for Editor in 6.35 ms, found 3 plugins.
Preloading 0 native plugins for Editor in 0.00 ms.
Unloading 30 Unused Serialized files (Serialized files now loaded: 0)
Unloading 30 unused Assets / (0.5 MB). Loaded Objects now: 6275.
Memory consumption went from 105.3 MB to 104.8 MB.
Total: 5.470400 ms (FindLiveObjects: 0.422900 ms CreateObjectMapping: 0.383500 ms MarkObjects: 4.365300 ms  DeleteObjects: 0.297400 ms)

AssetImportParameters requested are different than current active one (requested -> active):
  custom:video-decoder-ogg-theora: a1e56fd34408186e4bbccfd4996cb3dc -> 
  custom:container-muxer-webm: aa71ff27fc2769a1b78a27578f13a17b -> 
  custom:container-demuxer-webm: 4f35f7cbe854078d1ac9338744f61a02 -> 
  custom:video-encoder-webm-vp8: eb34c28f22e8b96e1ab97ce403110664 -> 
  custom:audio-encoder-webm-vorbis: bf7c407c2cedff20999df2af8eb42d56 -> 
  custom:framework-win-MediaFoundation: 216162199b28c13a410421893ffa2e32 -> 
  custom:container-demuxer-ogg: 62fdf1f143b41e24485cea50d1cbac27 -> 
  custom:video-decoder-webm-vp8: 9c59270c3fd7afecdb556c50c9e8de78 -> 
  custom:audio-decoder-ogg-vorbis: bf7c407c2cedff20999df2af8eb42d56 -> 
========================================================================
Received Import Request.
  Time since last request: 939.861922 seconds.
  path: Assets/Textures/CreditsScreen.png
  artifactKey: Guid(505159c983e136b408ef3969d20f59f7) Importer(815301076,1909f56bfc062723c751e8b465ee728b)
Start importing Assets/Textures/CreditsScreen.png using Guid(505159c983e136b408ef3969d20f59f7) Importer(815301076,1909f56bfc062723c751e8b465ee728b)  -> (artifact id: '8fda5955958c0acfc1d294b858de211d') in 0.066493 seconds 
========================================================================
Received Import Request.
  Time since last request: 6.038289 seconds.
  path: Assets/Textures/CreditsScreen.png
  artifactKey: Guid(505159c983e136b408ef3969d20f59f7) Importer(815301076,1909f56bfc062723c751e8b465ee728b)
Start importing Assets/Textures/CreditsScreen.png using Guid(505159c983e136b408ef3969d20f59f7) Importer(815301076,1909f56bfc062723c751e8b465ee728b)  -> (artifact id: '2966a08b50c1819d6d8eed0b11da7512') in 0.199839 seconds 
========================================================================
Received Prepare
Registering precompiled user dll's ...
Registered in 0.008158 seconds.
Begin MonoManager ReloadAssembly
Symbol file LoadedFromMemory doesn't match image E:\Unity Projects\GGJ_PointAndClickShooter\Library\PackageCache\com.unity.visualscripting@1.7.6\Editor\VisualScripting.Core\Dependencies\YamlDotNet\Unity.VisualScripting.YamlDotNet.dll
Symbol file LoadedFromMemory doesn't match image E:\Unity Projects\GGJ_PointAndClickShooter\Library\PackageCache\com.unity.visualscripting@1.7.6\Editor\VisualScripting.Core\Dependencies\DotNetZip\Unity.VisualScripting.IonicZip.dll
Native extension for WindowsStandalone target not found
Native extension for WebGL target not found
Refreshing native plugins compatible for Editor in 0.95 ms, found 3 plugins.
Preloading 0 native plugins for Editor in 0.00 ms.
Warning: Annotation not found!
UnityEngine.StackTraceUtility:ExtractStackTrace ()
UnityEditor.ProBuilder.EditorUtility:SetGizmoIconEnabled (System.Type,bool) (at Library/PackageCache/com.unity.probuilder@5.0.3/Editor/EditorCore/EditorUtility.cs:575)
UnityEditor.ProBuilder.HierarchyListener:.cctor () (at Library/PackageCache/com.unity.probuilder@5.0.3/Editor/EditorCore/HierarchyListener.cs:21)
System.Runtime.CompilerServices.RuntimeHelpers:RunClassConstructor (System.RuntimeTypeHandle)
UnityEditor.EditorAssemblies:ProcessInitializeOnLoadAttributes (System.Type[])

[Library/PackageCache/com.unity.probuilder@5.0.3/Editor/EditorCore/EditorUtility.cs line 575]

Mono: successfully reloaded assembly
- Completed reload, in  2.200 seconds
Domain Reload Profiling:
	ReloadAssembly (2201ms)
		BeginReloadAssembly (205ms)
			ExecutionOrderSort (0ms)
			DisableScriptedObjects (6ms)
			BackupInstance (0ms)
			ReleaseScriptingObjects (0ms)
			CreateAndSetChildDomain (62ms)
		EndReloadAssembly (1854ms)
			LoadAssemblies (126ms)
			RebuildTransferFunctionScriptingTraits (0ms)
			SetupTypeCache (586ms)
			ReleaseScriptCaches (3ms)
			RebuildScriptCaches (74ms)
			SetupLoadedEditorAssemblies (968ms)
				LogAssemblyErrors (0ms)
				InitializePlatformSupportModulesInManaged (20ms)
				SetLoadedEditorAssemblies (1ms)
				RefreshPlugins (1ms)
				BeforeProcessingInitializeOnLoad (121ms)
				ProcessInitializeOnLoadAttributes (682ms)
				ProcessInitializeOnLoadMethodAttributes (128ms)
				AfterProcessingInitializeOnLoad (14ms)
				EditorAssembliesLoaded (0ms)
			ExecutionOrderSort2 (0ms)
			AwakeInstancesAfterBackupRestoration (27ms)
Platform modules already initialized, skipping
Refreshing native plugins compatible for Editor in 1.13 ms, found 3 plugins.
Preloading 0 native plugins for Editor in 0.00 ms.
Unloading 5648 Unused Serialized files (Serialized files now loaded: 0)
Unloading 48 unused Assets / (0.5 MB). Loaded Objects now: 6325.
Memory consumption went from 228.4 MB to 227.9 MB.
Total: 5.631700 ms (FindLiveObjects: 0.409300 ms CreateObjectMapping: 0.413300 ms MarkObjects: 4.351900 ms  DeleteObjects: 0.455600 ms)

AssetImportParameters requested are different than current active one (requested -> active):
  custom:video-decoder-ogg-theora: a1e56fd34408186e4bbccfd4996cb3dc -> 
  custom:container-muxer-webm: aa71ff27fc2769a1b78a27578f13a17b -> 
  custom:container-demuxer-webm: 4f35f7cbe854078d1ac9338744f61a02 -> 
  custom:video-encoder-webm-vp8: eb34c28f22e8b96e1ab97ce403110664 -> 
  custom:audio-encoder-webm-vorbis: bf7c407c2cedff20999df2af8eb42d56 -> 
  custom:framework-win-MediaFoundation: 216162199b28c13a410421893ffa2e32 -> 
  custom:container-demuxer-ogg: 62fdf1f143b41e24485cea50d1cbac27 -> 
  custom:video-decoder-webm-vp8: 9c59270c3fd7afecdb556c50c9e8de78 -> 
  custom:audio-decoder-ogg-vorbis: bf7c407c2cedff20999df2af8eb42d56 -> 
========================================================================
Received Import Request.
  Time since last request: 275.424235 seconds.
  path: Assets/Textures/Controls_0.png
  artifactKey: Guid(5a6cdabf1b9db5e42be34aedb348a28a) Importer(815301076,1909f56bfc062723c751e8b465ee728b)
Start importing Assets/Textures/Controls_0.png using Guid(5a6cdabf1b9db5e42be34aedb348a28a) Importer(815301076,1909f56bfc062723c751e8b465ee728b)  -> (artifact id: '0763c23da57b790e97adb3e5fcac839a') in 0.174023 seconds 
========================================================================
Received Prepare
Refreshing native plugins compatible for Editor in 4.63 ms, found 3 plugins.
Preloading 0 native plugins for Editor in 0.00 ms.
Unloading 30 Unused Serialized files (Serialized files now loaded: 0)
Unloading 30 unused Assets / (0.5 MB). Loaded Objects now: 6327.
Memory consumption went from 112.1 MB to 111.6 MB.
Total: 5.041700 ms (FindLiveObjects: 0.430300 ms CreateObjectMapping: 0.597900 ms MarkObjects: 3.730500 ms  DeleteObjects: 0.281500 ms)

AssetImportParameters requested are different than current active one (requested -> active):
  custom:video-decoder-ogg-theora: a1e56fd34408186e4bbccfd4996cb3dc -> 
  custom:container-muxer-webm: aa71ff27fc2769a1b78a27578f13a17b -> 
  custom:container-demuxer-webm: 4f35f7cbe854078d1ac9338744f61a02 -> 
  custom:video-encoder-webm-vp8: eb34c28f22e8b96e1ab97ce403110664 -> 
  custom:audio-encoder-webm-vorbis: bf7c407c2cedff20999df2af8eb42d56 -> 
  custom:framework-win-MediaFoundation: 216162199b28c13a410421893ffa2e32 -> 
  custom:container-demuxer-ogg: 62fdf1f143b41e24485cea50d1cbac27 -> 
  custom:video-decoder-webm-vp8: 9c59270c3fd7afecdb556c50c9e8de78 -> 
  custom:audio-decoder-ogg-vorbis: bf7c407c2cedff20999df2af8eb42d56 -> 
