Using pre-set license
Built from '2021.2/staging' branch; Version is '2021.2.8f1 (d0e5f0a7b06a) revision 13690352'; Using compiler version '192829333'; Build Type 'Release'
OS: 'Windows 10  (10.0.19042) 64bit Professional' Language: 'en' Physical Memory: 16343 MB
BatchMode: 1, IsHumanControllingUs: 0, StartBugReporterOnCrash: 0, Is64bit: 1, IsPro: 0

COMMAND LINE ARGUMENTS:
C:\Program Files\Unity\Hub\Editor\2021.2.8f1\Editor\Unity.exe
-adb2
-batchMode
-noUpm
-name
AssetImportWorker3
-projectPath
E:/Unity Projects/GGJ_PointAndClickShooter
-logFile
Logs/AssetImportWorker3.log
-srvPort
60352
Successfully changed project path to: E:/Unity Projects/GGJ_PointAndClickShooter
E:/Unity Projects/GGJ_PointAndClickShooter
[UnityMemory] Configuration Parameters - Can be set up in boot.config
    "memorysetup-bucket-allocator-granularity=16"
    "memorysetup-bucket-allocator-bucket-count=8"
    "memorysetup-bucket-allocator-block-size=33554432"
    "memorysetup-bucket-allocator-block-count=8"
    "memorysetup-main-allocator-block-size=16777216"
    "memorysetup-thread-allocator-block-size=16777216"
    "memorysetup-gfx-main-allocator-block-size=16777216"
    "memorysetup-gfx-thread-allocator-block-size=16777216"
    "memorysetup-cache-allocator-block-size=4194304"
    "memorysetup-typetree-allocator-block-size=2097152"
    "memorysetup-profiler-bucket-allocator-granularity=16"
    "memorysetup-profiler-bucket-allocator-bucket-count=8"
    "memorysetup-profiler-bucket-allocator-block-size=33554432"
    "memorysetup-profiler-bucket-allocator-block-count=8"
    "memorysetup-profiler-allocator-block-size=16777216"
    "memorysetup-profiler-editor-allocator-block-size=1048576"
    "memorysetup-temp-allocator-size-main=16777216"
    "memorysetup-job-temp-allocator-block-size=2097152"
    "memorysetup-job-temp-allocator-block-size-background=1048576"
    "memorysetup-job-temp-allocator-reduction-small-platforms=262144"
    "memorysetup-temp-allocator-size-background-worker=32768"
    "memorysetup-temp-allocator-size-job-worker=262144"
    "memorysetup-temp-allocator-size-preload-manager=33554432"
    "memorysetup-temp-allocator-size-nav-mesh-worker=65536"
    "memorysetup-temp-allocator-size-audio-worker=65536"
    "memorysetup-temp-allocator-size-cloud-worker=32768"
    "memorysetup-temp-allocator-size-gi-baking-worker=262144"
    "memorysetup-temp-allocator-size-gfx=262144"
Refreshing native plugins compatible for Editor in 186.30 ms, found 3 plugins.
Preloading 0 native plugins for Editor in 0.00 ms.
Initialize engine version: 2021.2.8f1 (d0e5f0a7b06a)
[Subsystems] Discovering subsystems at path C:/Program Files/Unity/Hub/Editor/2021.2.8f1/Editor/Data/Resources/UnitySubsystems
[Subsystems] Discovering subsystems at path E:/Unity Projects/GGJ_PointAndClickShooter/Assets
GfxDevice: creating device client; threaded=0; jobified=0
Direct3D:
    Version:  Direct3D 11.0 [level 11.1]
    Renderer: Radeon (TM) RX 480 Graphics (ID=0x67df)
    Vendor:   ATI
    VRAM:     4075 MB
    Driver:   30.0.14011.3017
Initialize mono
Mono path[0] = 'C:/Program Files/Unity/Hub/Editor/2021.2.8f1/Editor/Data/Managed'
Mono path[1] = 'C:/Program Files/Unity/Hub/Editor/2021.2.8f1/Editor/Data/MonoBleedingEdge/lib/mono/unityjit-win32'
Mono config path = 'C:/Program Files/Unity/Hub/Editor/2021.2.8f1/Editor/Data/MonoBleedingEdge/etc'
Using monoOptions --debugger-agent=transport=dt_socket,embedding=1,server=y,suspend=n,address=127.0.0.1:56284
Begin MonoManager ReloadAssembly
Registering precompiled unity dll's ...
Register platform support module: C:/Program Files/Unity/Hub/Editor/2021.2.8f1/Editor/Data/PlaybackEngines/WebGLSupport/UnityEditor.WebGL.Extensions.dll
Register platform support module: C:/Program Files/Unity/Hub/Editor/2021.2.8f1/Editor/Data/PlaybackEngines/WindowsStandaloneSupport/UnityEditor.WindowsStandalone.Extensions.dll
Registered in 0.011386 seconds.
Native extension for WindowsStandalone target not found
Native extension for WebGL target not found
Refreshing native plugins compatible for Editor in 160.32 ms, found 3 plugins.
Preloading 0 native plugins for Editor in 0.00 ms.
Mono: successfully reloaded assembly
- Completed reload, in  0.864 seconds
Domain Reload Profiling:
	ReloadAssembly (865ms)
		BeginReloadAssembly (99ms)
			ExecutionOrderSort (0ms)
			DisableScriptedObjects (0ms)
			BackupInstance (0ms)
			ReleaseScriptingObjects (0ms)
			CreateAndSetChildDomain (1ms)
		EndReloadAssembly (653ms)
			LoadAssemblies (96ms)
			RebuildTransferFunctionScriptingTraits (0ms)
			SetupTypeCache (132ms)
			ReleaseScriptCaches (0ms)
			RebuildScriptCaches (34ms)
			SetupLoadedEditorAssemblies (423ms)
				LogAssemblyErrors (0ms)
				InitializePlatformSupportModulesInManaged (24ms)
				SetLoadedEditorAssemblies (0ms)
				RefreshPlugins (160ms)
				BeforeProcessingInitializeOnLoad (2ms)
				ProcessInitializeOnLoadAttributes (178ms)
				ProcessInitializeOnLoadMethodAttributes (58ms)
				AfterProcessingInitializeOnLoad (0ms)
				EditorAssembliesLoaded (0ms)
			ExecutionOrderSort2 (0ms)
			AwakeInstancesAfterBackupRestoration (0ms)
Platform modules already initialized, skipping
Registering precompiled user dll's ...
Registered in 0.007924 seconds.
Begin MonoManager ReloadAssembly
Symbol file LoadedFromMemory doesn't match image E:\Unity Projects\GGJ_PointAndClickShooter\Library\PackageCache\com.unity.visualscripting@1.7.6\Editor\VisualScripting.Core\Dependencies\YamlDotNet\Unity.VisualScripting.YamlDotNet.dll
Symbol file LoadedFromMemory doesn't match image E:\Unity Projects\GGJ_PointAndClickShooter\Library\PackageCache\com.unity.visualscripting@1.7.6\Editor\VisualScripting.Core\Dependencies\DotNetZip\Unity.VisualScripting.IonicZip.dll
Native extension for WindowsStandalone target not found
Native extension for WebGL target not found
Refreshing native plugins compatible for Editor in 145.29 ms, found 3 plugins.
Preloading 0 native plugins for Editor in 0.00 ms.
Mono: successfully reloaded assembly
- Completed reload, in  3.364 seconds
Domain Reload Profiling:
	ReloadAssembly (3365ms)
		BeginReloadAssembly (159ms)
			ExecutionOrderSort (0ms)
			DisableScriptedObjects (7ms)
			BackupInstance (0ms)
			ReleaseScriptingObjects (0ms)
			CreateAndSetChildDomain (26ms)
		EndReloadAssembly (3064ms)
			LoadAssemblies (130ms)
			RebuildTransferFunctionScriptingTraits (0ms)
			SetupTypeCache (681ms)
			ReleaseScriptCaches (1ms)
			RebuildScriptCaches (101ms)
			SetupLoadedEditorAssemblies (2086ms)
				LogAssemblyErrors (0ms)
				InitializePlatformSupportModulesInManaged (20ms)
				SetLoadedEditorAssemblies (0ms)
				RefreshPlugins (145ms)
				BeforeProcessingInitializeOnLoad (131ms)
				ProcessInitializeOnLoadAttributes (1681ms)
				ProcessInitializeOnLoadMethodAttributes (96ms)
				AfterProcessingInitializeOnLoad (10ms)
				EditorAssembliesLoaded (0ms)
			ExecutionOrderSort2 (0ms)
			AwakeInstancesAfterBackupRestoration (9ms)
Platform modules already initialized, skipping
========================================================================
Worker process is ready to serve import requests
Launched and connected shader compiler UnityShaderCompiler.exe after 0.18 seconds
Refreshing native plugins compatible for Editor in 0.87 ms, found 3 plugins.
Preloading 0 native plugins for Editor in 0.00 ms.
Unloading 5406 Unused Serialized files (Serialized files now loaded: 0)
Unloading 50 unused Assets / (510.2 KB). Loaded Objects now: 5859.
Memory consumption went from 217.3 MB to 216.8 MB.
Total: 4.095000 ms (FindLiveObjects: 0.401800 ms CreateObjectMapping: 0.345200 ms MarkObjects: 3.085100 ms  DeleteObjects: 0.261400 ms)

AssetImportParameters requested are different than current active one (requested -> active):
  custom:video-decoder-ogg-theora: a1e56fd34408186e4bbccfd4996cb3dc -> 
  custom:container-muxer-webm: aa71ff27fc2769a1b78a27578f13a17b -> 
  custom:container-demuxer-webm: 4f35f7cbe854078d1ac9338744f61a02 -> 
  custom:video-encoder-webm-vp8: eb34c28f22e8b96e1ab97ce403110664 -> 
  custom:audio-encoder-webm-vorbis: bf7c407c2cedff20999df2af8eb42d56 -> 
  custom:framework-win-MediaFoundation: 216162199b28c13a410421893ffa2e32 -> 
  custom:container-demuxer-ogg: 62fdf1f143b41e24485cea50d1cbac27 -> 
  custom:video-decoder-webm-vp8: 9c59270c3fd7afecdb556c50c9e8de78 -> 
  custom:audio-decoder-ogg-vorbis: bf7c407c2cedff20999df2af8eb42d56 -> 
========================================================================
Received Import Request.
  Time since last request: 262381.626932 seconds.
  path: Assets/MouseCursorReticle/MouseReticle.prefab
  artifactKey: Guid(10a6e038ab8f0cc4095baadc4477208a) Importer(815301076,1909f56bfc062723c751e8b465ee728b)
Start importing Assets/MouseCursorReticle/MouseReticle.prefab using Guid(10a6e038ab8f0cc4095baadc4477208a) Importer(815301076,1909f56bfc062723c751e8b465ee728b)  -> (artifact id: '26df7e3822d4cee34ea5aaccef434e67') in 0.100967 seconds 
========================================================================
Received Import Request.
  Time since last request: 5.942864 seconds.
  path: Assets/MouseCursorReticle/MouseReticle.prefab
  artifactKey: Guid(10a6e038ab8f0cc4095baadc4477208a) Importer(815301076,1909f56bfc062723c751e8b465ee728b)
Start importing Assets/MouseCursorReticle/MouseReticle.prefab using Guid(10a6e038ab8f0cc4095baadc4477208a) Importer(815301076,1909f56bfc062723c751e8b465ee728b)  -> (artifact id: '04a1de92723bf092c7ac9f43c488e2e3') in 0.022656 seconds 
========================================================================
Received Import Request.
  Time since last request: 3.079958 seconds.
  path: Assets/MouseCursorReticle/MouseReticle.prefab
  artifactKey: Guid(10a6e038ab8f0cc4095baadc4477208a) Importer(815301076,1909f56bfc062723c751e8b465ee728b)
Start importing Assets/MouseCursorReticle/MouseReticle.prefab using Guid(10a6e038ab8f0cc4095baadc4477208a) Importer(815301076,1909f56bfc062723c751e8b465ee728b)  -> (artifact id: '37cb2477392480e7ce8accb109f02e68') in 0.009555 seconds 
========================================================================
Received Import Request.
  Time since last request: 0.165451 seconds.
  path: Assets/MouseCursorReticle/MouseReticle.prefab
  artifactKey: Guid(10a6e038ab8f0cc4095baadc4477208a) Importer(815301076,1909f56bfc062723c751e8b465ee728b)
Start importing Assets/MouseCursorReticle/MouseReticle.prefab using Guid(10a6e038ab8f0cc4095baadc4477208a) Importer(815301076,1909f56bfc062723c751e8b465ee728b)  -> (artifact id: 'd8cdee964edc0ad02027c7618e45be0b') in 0.009433 seconds 
========================================================================
Received Import Request.
  Time since last request: 0.185642 seconds.
  path: Assets/MouseCursorReticle/MouseReticle.prefab
  artifactKey: Guid(10a6e038ab8f0cc4095baadc4477208a) Importer(815301076,1909f56bfc062723c751e8b465ee728b)
Start importing Assets/MouseCursorReticle/MouseReticle.prefab using Guid(10a6e038ab8f0cc4095baadc4477208a) Importer(815301076,1909f56bfc062723c751e8b465ee728b)  -> (artifact id: '5beb4090acdf3f5f2e67925888a2d69d') in 0.013393 seconds 
========================================================================
Received Import Request.
  Time since last request: 0.167776 seconds.
  path: Assets/MouseCursorReticle/MouseReticle.prefab
  artifactKey: Guid(10a6e038ab8f0cc4095baadc4477208a) Importer(815301076,1909f56bfc062723c751e8b465ee728b)
Start importing Assets/MouseCursorReticle/MouseReticle.prefab using Guid(10a6e038ab8f0cc4095baadc4477208a) Importer(815301076,1909f56bfc062723c751e8b465ee728b)  -> (artifact id: '0e5b8755fc332b354b1f6d53bea19286') in 0.010458 seconds 
========================================================================
Received Import Request.
  Time since last request: 0.187163 seconds.
  path: Assets/MouseCursorReticle/MouseReticle.prefab
  artifactKey: Guid(10a6e038ab8f0cc4095baadc4477208a) Importer(815301076,1909f56bfc062723c751e8b465ee728b)
Start importing Assets/MouseCursorReticle/MouseReticle.prefab using Guid(10a6e038ab8f0cc4095baadc4477208a) Importer(815301076,1909f56bfc062723c751e8b465ee728b)  -> (artifact id: 'e1e1f86d89f12b290daf6098fdf6b3a8') in 0.012778 seconds 
========================================================================
Received Import Request.
  Time since last request: 0.176187 seconds.
  path: Assets/MouseCursorReticle/MouseReticle.prefab
  artifactKey: Guid(10a6e038ab8f0cc4095baadc4477208a) Importer(815301076,1909f56bfc062723c751e8b465ee728b)
Start importing Assets/MouseCursorReticle/MouseReticle.prefab using Guid(10a6e038ab8f0cc4095baadc4477208a) Importer(815301076,1909f56bfc062723c751e8b465ee728b)  -> (artifact id: 'c3d1543bcd81a62506cfd5741ec2ec3d') in 0.009103 seconds 
========================================================================
Received Import Request.
  Time since last request: 0.183915 seconds.
  path: Assets/MouseCursorReticle/MouseReticle.prefab
  artifactKey: Guid(10a6e038ab8f0cc4095baadc4477208a) Importer(815301076,1909f56bfc062723c751e8b465ee728b)
Start importing Assets/MouseCursorReticle/MouseReticle.prefab using Guid(10a6e038ab8f0cc4095baadc4477208a) Importer(815301076,1909f56bfc062723c751e8b465ee728b)  -> (artifact id: '957d7e696937c6a64bd1f484b8bd485c') in 0.009716 seconds 
========================================================================
Received Import Request.
  Time since last request: 0.177355 seconds.
  path: Assets/MouseCursorReticle/MouseReticle.prefab
  artifactKey: Guid(10a6e038ab8f0cc4095baadc4477208a) Importer(815301076,1909f56bfc062723c751e8b465ee728b)
Start importing Assets/MouseCursorReticle/MouseReticle.prefab using Guid(10a6e038ab8f0cc4095baadc4477208a) Importer(815301076,1909f56bfc062723c751e8b465ee728b)  -> (artifact id: '2a713970aea4720316cbb3cadc4104e5') in 0.007926 seconds 
========================================================================
Received Import Request.
  Time since last request: 0.193105 seconds.
  path: Assets/MouseCursorReticle/MouseReticle.prefab
  artifactKey: Guid(10a6e038ab8f0cc4095baadc4477208a) Importer(815301076,1909f56bfc062723c751e8b465ee728b)
Start importing Assets/MouseCursorReticle/MouseReticle.prefab using Guid(10a6e038ab8f0cc4095baadc4477208a) Importer(815301076,1909f56bfc062723c751e8b465ee728b)  -> (artifact id: '80a1fcec5453c4ba3c00a70e486b16ae') in 0.008256 seconds 
========================================================================
Received Import Request.
  Time since last request: 0.181366 seconds.
  path: Assets/MouseCursorReticle/MouseReticle.prefab
  artifactKey: Guid(10a6e038ab8f0cc4095baadc4477208a) Importer(815301076,1909f56bfc062723c751e8b465ee728b)
Start importing Assets/MouseCursorReticle/MouseReticle.prefab using Guid(10a6e038ab8f0cc4095baadc4477208a) Importer(815301076,1909f56bfc062723c751e8b465ee728b)  -> (artifact id: 'f1746939d076d090a915a34bebb2776e') in 0.007108 seconds 
========================================================================
Received Import Request.
  Time since last request: 0.185868 seconds.
  path: Assets/MouseCursorReticle/MouseReticle.prefab
  artifactKey: Guid(10a6e038ab8f0cc4095baadc4477208a) Importer(815301076,1909f56bfc062723c751e8b465ee728b)
Start importing Assets/MouseCursorReticle/MouseReticle.prefab using Guid(10a6e038ab8f0cc4095baadc4477208a) Importer(815301076,1909f56bfc062723c751e8b465ee728b)  -> (artifact id: '426c8d94ce08470b61a1a9d93670e05d') in 0.007714 seconds 
========================================================================
Received Import Request.
  Time since last request: 0.182077 seconds.
  path: Assets/MouseCursorReticle/MouseReticle.prefab
  artifactKey: Guid(10a6e038ab8f0cc4095baadc4477208a) Importer(815301076,1909f56bfc062723c751e8b465ee728b)
Start importing Assets/MouseCursorReticle/MouseReticle.prefab using Guid(10a6e038ab8f0cc4095baadc4477208a) Importer(815301076,1909f56bfc062723c751e8b465ee728b)  -> (artifact id: '672ac589d448d88bc2646cbe0fd8fb06') in 0.009171 seconds 
========================================================================
Received Import Request.
  Time since last request: 0.187827 seconds.
  path: Assets/MouseCursorReticle/MouseReticle.prefab
  artifactKey: Guid(10a6e038ab8f0cc4095baadc4477208a) Importer(815301076,1909f56bfc062723c751e8b465ee728b)
Start importing Assets/MouseCursorReticle/MouseReticle.prefab using Guid(10a6e038ab8f0cc4095baadc4477208a) Importer(815301076,1909f56bfc062723c751e8b465ee728b)  -> (artifact id: 'eaab3fada88ba40e64c3580228ad1706') in 0.007119 seconds 
========================================================================
Received Import Request.
  Time since last request: 0.183217 seconds.
  path: Assets/MouseCursorReticle/MouseReticle.prefab
  artifactKey: Guid(10a6e038ab8f0cc4095baadc4477208a) Importer(815301076,1909f56bfc062723c751e8b465ee728b)
Start importing Assets/MouseCursorReticle/MouseReticle.prefab using Guid(10a6e038ab8f0cc4095baadc4477208a) Importer(815301076,1909f56bfc062723c751e8b465ee728b)  -> (artifact id: 'cec7c47b431be0b567cecef8924442c8') in 0.007206 seconds 
========================================================================
Received Import Request.
  Time since last request: 0.194518 seconds.
  path: Assets/MouseCursorReticle/MouseReticle.prefab
  artifactKey: Guid(10a6e038ab8f0cc4095baadc4477208a) Importer(815301076,1909f56bfc062723c751e8b465ee728b)
Start importing Assets/MouseCursorReticle/MouseReticle.prefab using Guid(10a6e038ab8f0cc4095baadc4477208a) Importer(815301076,1909f56bfc062723c751e8b465ee728b)  -> (artifact id: 'e4498b7f5a0f22cca0529842e454f6fe') in 0.009317 seconds 
========================================================================
Received Import Request.
  Time since last request: 0.179148 seconds.
  path: Assets/MouseCursorReticle/MouseReticle.prefab
  artifactKey: Guid(10a6e038ab8f0cc4095baadc4477208a) Importer(815301076,1909f56bfc062723c751e8b465ee728b)
Start importing Assets/MouseCursorReticle/MouseReticle.prefab using Guid(10a6e038ab8f0cc4095baadc4477208a) Importer(815301076,1909f56bfc062723c751e8b465ee728b)  -> (artifact id: 'ebb745585de81764fd18007288a7fe5a') in 0.008850 seconds 
========================================================================
Received Import Request.
  Time since last request: 0.177916 seconds.
  path: Assets/MouseCursorReticle/MouseReticle.prefab
  artifactKey: Guid(10a6e038ab8f0cc4095baadc4477208a) Importer(815301076,1909f56bfc062723c751e8b465ee728b)
Start importing Assets/MouseCursorReticle/MouseReticle.prefab using Guid(10a6e038ab8f0cc4095baadc4477208a) Importer(815301076,1909f56bfc062723c751e8b465ee728b)  -> (artifact id: '6037c934fddad290caebce53fb8bdb97') in 0.008667 seconds 
========================================================================
Received Import Request.
  Time since last request: 0.192402 seconds.
  path: Assets/MouseCursorReticle/MouseReticle.prefab
  artifactKey: Guid(10a6e038ab8f0cc4095baadc4477208a) Importer(815301076,1909f56bfc062723c751e8b465ee728b)
Start importing Assets/MouseCursorReticle/MouseReticle.prefab using Guid(10a6e038ab8f0cc4095baadc4477208a) Importer(815301076,1909f56bfc062723c751e8b465ee728b)  -> (artifact id: '56600e9ac5682f5da6de47ff3e14b339') in 0.007589 seconds 
========================================================================
Received Import Request.
  Time since last request: 0.184699 seconds.
  path: Assets/MouseCursorReticle/MouseReticle.prefab
  artifactKey: Guid(10a6e038ab8f0cc4095baadc4477208a) Importer(815301076,1909f56bfc062723c751e8b465ee728b)
Start importing Assets/MouseCursorReticle/MouseReticle.prefab using Guid(10a6e038ab8f0cc4095baadc4477208a) Importer(815301076,1909f56bfc062723c751e8b465ee728b)  -> (artifact id: 'ad9eaf2dfc0bc3ff46e43c4e7f1d86c6') in 0.007920 seconds 
========================================================================
Received Import Request.
  Time since last request: 250.622934 seconds.
  path: Assets/Scenes/Level.unity
  artifactKey: Guid(88760cc195eb2be4585925adf2386f1b) Importer(815301076,1909f56bfc062723c751e8b465ee728b)
Start importing Assets/Scenes/Level.unity using Guid(88760cc195eb2be4585925adf2386f1b) Importer(815301076,1909f56bfc062723c751e8b465ee728b)  -> (artifact id: 'c27cd46305800d78bc9da2a8a5efab15') in 0.010931 seconds 
========================================================================
Received Prepare
Registering precompiled user dll's ...
Registered in 0.007589 seconds.
Begin MonoManager ReloadAssembly
Symbol file LoadedFromMemory doesn't match image E:\Unity Projects\GGJ_PointAndClickShooter\Library\PackageCache\com.unity.visualscripting@1.7.6\Editor\VisualScripting.Core\Dependencies\YamlDotNet\Unity.VisualScripting.YamlDotNet.dll
Symbol file LoadedFromMemory doesn't match image E:\Unity Projects\GGJ_PointAndClickShooter\Library\PackageCache\com.unity.visualscripting@1.7.6\Editor\VisualScripting.Core\Dependencies\DotNetZip\Unity.VisualScripting.IonicZip.dll
Native extension for WindowsStandalone target not found
Native extension for WebGL target not found
Refreshing native plugins compatible for Editor in 1.02 ms, found 3 plugins.
Preloading 0 native plugins for Editor in 0.00 ms.
Mono: successfully reloaded assembly
- Completed reload, in  1.889 seconds
Domain Reload Profiling:
	ReloadAssembly (1890ms)
		BeginReloadAssembly (190ms)
			ExecutionOrderSort (0ms)
			DisableScriptedObjects (7ms)
			BackupInstance (0ms)
			ReleaseScriptingObjects (0ms)
			CreateAndSetChildDomain (58ms)
		EndReloadAssembly (1572ms)
			LoadAssemblies (111ms)
			RebuildTransferFunctionScriptingTraits (0ms)
			SetupTypeCache (400ms)
			ReleaseScriptCaches (3ms)
			RebuildScriptCaches (74ms)
			SetupLoadedEditorAssemblies (874ms)
				LogAssemblyErrors (0ms)
				InitializePlatformSupportModulesInManaged (21ms)
				SetLoadedEditorAssemblies (1ms)
				RefreshPlugins (1ms)
				BeforeProcessingInitializeOnLoad (127ms)
				ProcessInitializeOnLoadAttributes (617ms)
				ProcessInitializeOnLoadMethodAttributes (94ms)
				AfterProcessingInitializeOnLoad (12ms)
				EditorAssembliesLoaded (0ms)
			ExecutionOrderSort2 (0ms)
			AwakeInstancesAfterBackupRestoration (42ms)
Platform modules already initialized, skipping
Refreshing native plugins compatible for Editor in 1.57 ms, found 3 plugins.
Preloading 0 native plugins for Editor in 0.00 ms.
Unloading 5270 Unused Serialized files (Serialized files now loaded: 0)
Unloading 31 unused Assets / (477.0 KB). Loaded Objects now: 5874.
Memory consumption went from 211.6 MB to 211.1 MB.
Total: 4.372600 ms (FindLiveObjects: 0.376400 ms CreateObjectMapping: 0.366900 ms MarkObjects: 3.389800 ms  DeleteObjects: 0.237800 ms)

AssetImportParameters requested are different than current active one (requested -> active):
  custom:video-decoder-ogg-theora: a1e56fd34408186e4bbccfd4996cb3dc -> 
  custom:container-muxer-webm: aa71ff27fc2769a1b78a27578f13a17b -> 
  custom:container-demuxer-webm: 4f35f7cbe854078d1ac9338744f61a02 -> 
  custom:video-encoder-webm-vp8: eb34c28f22e8b96e1ab97ce403110664 -> 
  custom:audio-encoder-webm-vorbis: bf7c407c2cedff20999df2af8eb42d56 -> 
  custom:framework-win-MediaFoundation: 216162199b28c13a410421893ffa2e32 -> 
  custom:container-demuxer-ogg: 62fdf1f143b41e24485cea50d1cbac27 -> 
  custom:video-decoder-webm-vp8: 9c59270c3fd7afecdb556c50c9e8de78 -> 
  custom:audio-decoder-ogg-vorbis: bf7c407c2cedff20999df2af8eb42d56 -> 
========================================================================
Received Prepare
Registering precompiled user dll's ...
Registered in 0.007402 seconds.
